#! c:/iverilog-x64/bin/vvp
:ivl_version "10.1 (stable)" "(v10_1_1)";
:ivl_delay_selection "TYPICAL";
:vpi_time_precision - 10;
:vpi_module "system";
:vpi_module "vhdl_sys";
:vpi_module "v2005_math";
:vpi_module "va_math";
S_00000000026f5e60 .scope module, "Testbench" "Testbench" 2 7;
 .timescale -9 -10;
P_0000000002723e70 .param/l "width" 0 2 9, +C4<00000000000000000000000000010000>;
v000000000277f430_0 .var "clk", 0 0;
v000000000277fc50_0 .var "data", 15 0;
v000000000277f070_0 .net "done", 0 0, v000000000277b4d0_0;  1 drivers
v000000000277f6b0_0 .var "preset", 0 0;
v0000000002780010_0 .net "result", 15 0, L_0000000002781910;  1 drivers
S_00000000026f5fe0 .scope module, "proc" "Processor" 2 18, 3 4 0, S_00000000026f5e60;
 .timescale 0 0;
    .port_info 0 /INPUT 16 "data"
    .port_info 1 /INPUT 1 "clk"
    .port_info 2 /INPUT 1 "preset"
    .port_info 3 /OUTPUT 16 "result"
    .port_info 4 /OUTPUT 1 "done"
P_00000000027249b0 .param/l "width" 0 3 12, +C4<00000000000000000000000000010000>;
L_0000000000f87d90 .functor NOT 1, v000000000277f430_0, C4<0>, C4<0>, C4<0>;
v000000000277ff70_0 .net "clk", 0 0, v000000000277f430_0;  1 drivers
v0000000002780b50_0 .net "ctrlword", 3 0, L_0000000002784e40;  1 drivers
v000000000277ef30_0 .net "data", 15 0, v000000000277fc50_0;  1 drivers
v000000000277f750_0 .net "done", 0 0, v000000000277b4d0_0;  alias, 1 drivers
v0000000002780ab0_0 .net "preset", 0 0, v000000000277f6b0_0;  1 drivers
v000000000277efd0_0 .net "result", 15 0, L_0000000002781910;  alias, 1 drivers
v000000000277f4d0_0 .net "status", 0 0, v0000000002780970_0;  1 drivers
S_0000000000f87520 .scope module, "ctrl_u" "ControlUnit" 3 24, 4 7 0, S_00000000026f5fe0;
 .timescale 0 0;
    .port_info 0 /INPUT 1 "status"
    .port_info 1 /OUTPUT 4 "ctrlword"
    .port_info 2 /INPUT 1 "clk"
    .port_info 3 /INPUT 1 "preset"
L_0000000000f87e00 .functor OR 1, L_0000000002781b90, L_0000000002782bd0, C4<0>, C4<0>;
L_00000000026f6160 .functor AND 1, v0000000002780970_0, L_0000000000f87e00, C4<1>, C4<1>;
L_00000000026f61d0 .functor NOT 1, v0000000002780970_0, C4<0>, C4<0>, C4<0>;
L_0000000002784cf0 .functor OR 1, L_0000000002782db0, L_0000000002782590, C4<0>, C4<0>;
L_0000000002784970 .functor AND 1, L_00000000026f61d0, L_0000000002784cf0, C4<1>, C4<1>;
L_0000000002784e40 .functor BUFZ 4, v0000000002718160_0, C4<0000>, C4<0000>, C4<0000>;
v00000000027185c0_0 .net *"_s10", 0 0, L_0000000000f87e00;  1 drivers
v0000000002717d00_0 .net *"_s12", 0 0, L_00000000026f6160;  1 drivers
v0000000002717da0_0 .net *"_s17", 0 0, L_0000000002781c30;  1 drivers
v0000000002718700_0 .net *"_s21", 0 0, L_00000000026f61d0;  1 drivers
v0000000002717e40_0 .net *"_s24", 0 0, L_0000000002782db0;  1 drivers
v00000000027187a0_0 .net *"_s26", 0 0, L_0000000002782590;  1 drivers
v00000000027178a0_0 .net *"_s27", 0 0, L_0000000002784cf0;  1 drivers
v0000000002717bc0_0 .net *"_s29", 0 0, L_0000000002784970;  1 drivers
v0000000002718020_0 .net *"_s3", 0 0, L_00000000027819b0;  1 drivers
v0000000002718840_0 .net *"_s7", 0 0, L_0000000002781b90;  1 drivers
v0000000002718a20_0 .net *"_s9", 0 0, L_0000000002782bd0;  1 drivers
v00000000027171c0_0 .net "clk", 0 0, v000000000277f430_0;  alias, 1 drivers
v00000000027174e0_0 .net "ctrlword", 3 0, L_0000000002784e40;  alias, 1 drivers
v0000000002717120_0 .net "nextstate", 3 0, L_00000000027824f0;  1 drivers
v00000000027180c0_0 .net "preset", 0 0, v000000000277f6b0_0;  alias, 1 drivers
v0000000002718160_0 .var "state", 3 0;
v000000000270d720_0 .net "status", 0 0, v0000000002780970_0;  alias, 1 drivers
E_00000000027242b0 .event posedge, v00000000027171c0_0;
L_00000000027819b0 .part v0000000002718160_0, 3, 1;
L_0000000002781b90 .part v0000000002718160_0, 0, 1;
L_0000000002782bd0 .part v0000000002718160_0, 2, 1;
L_0000000002781c30 .part v0000000002718160_0, 1, 1;
L_00000000027824f0 .concat8 [ 1 1 1 1], L_00000000027819b0, L_00000000026f6160, L_0000000002781c30, L_0000000002784970;
L_0000000002782db0 .part v0000000002718160_0, 0, 1;
L_0000000002782590 .part v0000000002718160_0, 2, 1;
S_0000000000f877b0 .scope module, "datapath" "Datapath" 3 23, 5 7 0, S_00000000026f5fe0;
 .timescale 0 0;
    .port_info 0 /INPUT 4 "ctrlword"
    .port_info 1 /INPUT 16 "data"
    .port_info 2 /OUTPUT 1 "status"
    .port_info 3 /OUTPUT 1 "done"
    .port_info 4 /OUTPUT 16 "result"
    .port_info 5 /INPUT 1 "clk"
P_0000000002723f30 .param/l "width" 0 5 17, +C4<00000000000000000000000000010000>;
v000000000277a710_0 .net *"_s71", 0 0, L_0000000002782130;  1 drivers
v000000000277b2f0_0 .var "acum", 15 0;
v000000000277a7b0_0 .net "clk", 0 0, L_0000000000f87d90;  1 drivers
v000000000277b430_0 .net "ctrlword", 3 0, L_0000000002784e40;  alias, 1 drivers
v000000000277aa30_0 .net "data", 15 0, v000000000277fc50_0;  alias, 1 drivers
v000000000277b4d0_0 .var "done", 0 0;
v000000000277bb10_0 .var "i", 15 0;
v0000000002780150_0 .var "n", 15 0;
v000000000277f1b0_0 .net "result", 15 0, L_0000000002781910;  alias, 1 drivers
v0000000002780970_0 .var "status", 0 0;
E_00000000027244b0 .event edge, L_0000000002782130, v0000000002780150_0, v000000000277bb10_0;
E_0000000002723c70 .event posedge, v000000000277a7b0_0;
L_0000000002780bf0 .part L_0000000002784e40, 3, 1;
L_000000000277f570 .part v000000000277b2f0_0, 0, 1;
L_000000000277f7f0 .part L_0000000002784e40, 3, 1;
L_00000000027808d0 .part v000000000277b2f0_0, 1, 1;
L_000000000277f250 .part L_0000000002784e40, 3, 1;
L_0000000002780830 .part v000000000277b2f0_0, 2, 1;
L_000000000277f110 .part L_0000000002784e40, 3, 1;
L_000000000277fcf0 .part v000000000277b2f0_0, 3, 1;
L_000000000277fd90 .part L_0000000002784e40, 3, 1;
L_000000000277f2f0 .part v000000000277b2f0_0, 4, 1;
L_00000000027806f0 .part L_0000000002784e40, 3, 1;
L_0000000002780470 .part v000000000277b2f0_0, 5, 1;
L_00000000027800b0 .part L_0000000002784e40, 3, 1;
L_000000000277fa70 .part v000000000277b2f0_0, 6, 1;
L_0000000002780c90 .part L_0000000002784e40, 3, 1;
L_000000000277f390 .part v000000000277b2f0_0, 7, 1;
L_000000000277fe30 .part L_0000000002784e40, 3, 1;
L_0000000002780290 .part v000000000277b2f0_0, 8, 1;
L_00000000027801f0 .part L_0000000002784e40, 3, 1;
L_000000000277fb10 .part v000000000277b2f0_0, 9, 1;
L_0000000002780330 .part L_0000000002784e40, 3, 1;
L_00000000027803d0 .part v000000000277b2f0_0, 10, 1;
L_00000000027805b0 .part L_0000000002784e40, 3, 1;
L_0000000002780650 .part v000000000277b2f0_0, 11, 1;
L_0000000002781af0 .part L_0000000002784e40, 3, 1;
L_0000000002781e10 .part v000000000277b2f0_0, 12, 1;
L_0000000002781050 .part L_0000000002784e40, 3, 1;
L_0000000002781370 .part v000000000277b2f0_0, 13, 1;
L_0000000002782e50 .part L_0000000002784e40, 3, 1;
L_0000000002782090 .part v000000000277b2f0_0, 14, 1;
LS_0000000002781910_0_0 .concat8 [ 1 1 1 1], L_0000000002780d30, L_000000000277f610, L_0000000002780dd0, L_000000000277f890;
LS_0000000002781910_0_4 .concat8 [ 1 1 1 1], L_000000000277f930, L_000000000277f9d0, L_0000000002780a10, L_0000000002780790;
LS_0000000002781910_0_8 .concat8 [ 1 1 1 1], L_000000000277fed0, L_000000000277fbb0, L_0000000002780510, L_00000000027828b0;
LS_0000000002781910_0_12 .concat8 [ 1 1 1 1], L_0000000002782d10, L_0000000002782ef0, L_0000000002782270, L_0000000002781cd0;
L_0000000002781910 .concat8 [ 4 4 4 4], LS_0000000002781910_0_0, LS_0000000002781910_0_4, LS_0000000002781910_0_8, LS_0000000002781910_0_12;
L_0000000002782a90 .part L_0000000002784e40, 3, 1;
L_0000000002782b30 .part v000000000277b2f0_0, 15, 1;
L_0000000002782130 .part L_0000000002784e40, 3, 1;
S_00000000026f8ab0 .scope generate, "genblk1[0]" "genblk1[0]" 5 46, 5 46 0, S_0000000000f877b0;
 .timescale 0 0;
P_0000000002723ff0 .param/l "j" 0 5 46, +C4<00>;
v000000000270d400_0 .net *"_s0", 0 0, L_0000000002780bf0;  1 drivers
v000000000270d7c0_0 .net *"_s1", 0 0, L_000000000277f570;  1 drivers
o0000000002727988 .functor BUFZ 1, C4<z>; HiZ drive
; Elide local net with no drivers, v000000000270e300_0 name=_s2
v000000000270cf00_0 .net *"_s4", 0 0, L_0000000002780d30;  1 drivers
L_0000000002780d30 .functor MUXZ 1, o0000000002727988, L_000000000277f570, L_0000000002780bf0, C4<>;
S_00000000026f8c30 .scope generate, "genblk1[1]" "genblk1[1]" 5 46, 5 46 0, S_0000000000f877b0;
 .timescale 0 0;
P_00000000027240f0 .param/l "j" 0 5 46, +C4<01>;
v000000000270cd20_0 .net *"_s0", 0 0, L_000000000277f7f0;  1 drivers
v000000000270e260_0 .net *"_s1", 0 0, L_00000000027808d0;  1 drivers
o0000000002727a48 .functor BUFZ 1, C4<z>; HiZ drive
; Elide local net with no drivers, v000000000270d220_0 name=_s2
v000000000270c6e0_0 .net *"_s4", 0 0, L_000000000277f610;  1 drivers
L_000000000277f610 .functor MUXZ 1, o0000000002727a48, L_00000000027808d0, L_000000000277f7f0, C4<>;
S_0000000002779620 .scope generate, "genblk1[2]" "genblk1[2]" 5 46, 5 46 0, S_0000000000f877b0;
 .timescale 0 0;
P_0000000002724630 .param/l "j" 0 5 46, +C4<010>;
v000000000270cdc0_0 .net *"_s0", 0 0, L_000000000277f250;  1 drivers
v000000000270dfe0_0 .net *"_s1", 0 0, L_0000000002780830;  1 drivers
o0000000002727b08 .functor BUFZ 1, C4<z>; HiZ drive
; Elide local net with no drivers, v000000000270d900_0 name=_s2
v000000000270d040_0 .net *"_s4", 0 0, L_0000000002780dd0;  1 drivers
L_0000000002780dd0 .functor MUXZ 1, o0000000002727b08, L_0000000002780830, L_000000000277f250, C4<>;
S_00000000027797a0 .scope generate, "genblk1[3]" "genblk1[3]" 5 46, 5 46 0, S_0000000000f877b0;
 .timescale 0 0;
P_00000000027246f0 .param/l "j" 0 5 46, +C4<011>;
v000000000270df40_0 .net *"_s0", 0 0, L_000000000277f110;  1 drivers
v000000000270db80_0 .net *"_s1", 0 0, L_000000000277fcf0;  1 drivers
o0000000002727bc8 .functor BUFZ 1, C4<z>; HiZ drive
; Elide local net with no drivers, v000000000270c780_0 name=_s2
v000000000270dcc0_0 .net *"_s4", 0 0, L_000000000277f890;  1 drivers
L_000000000277f890 .functor MUXZ 1, o0000000002727bc8, L_000000000277fcf0, L_000000000277f110, C4<>;
S_0000000002779920 .scope generate, "genblk1[4]" "genblk1[4]" 5 46, 5 46 0, S_0000000000f877b0;
 .timescale 0 0;
P_0000000002724130 .param/l "j" 0 5 46, +C4<0100>;
v000000000270c8c0_0 .net *"_s0", 0 0, L_000000000277fd90;  1 drivers
v000000000270dd60_0 .net *"_s1", 0 0, L_000000000277f2f0;  1 drivers
o0000000002727c88 .functor BUFZ 1, C4<z>; HiZ drive
; Elide local net with no drivers, v000000000270e3a0_0 name=_s2
v0000000002702b00_0 .net *"_s4", 0 0, L_000000000277f930;  1 drivers
L_000000000277f930 .functor MUXZ 1, o0000000002727c88, L_000000000277f2f0, L_000000000277fd90, C4<>;
S_0000000002779aa0 .scope generate, "genblk1[5]" "genblk1[5]" 5 46, 5 46 0, S_0000000000f877b0;
 .timescale 0 0;
P_0000000002724170 .param/l "j" 0 5 46, +C4<0101>;
v0000000002702ce0_0 .net *"_s0", 0 0, L_00000000027806f0;  1 drivers
v000000000277b7f0_0 .net *"_s1", 0 0, L_0000000002780470;  1 drivers
o0000000002727d48 .functor BUFZ 1, C4<z>; HiZ drive
; Elide local net with no drivers, v000000000277b250_0 name=_s2
v000000000277a210_0 .net *"_s4", 0 0, L_000000000277f9d0;  1 drivers
L_000000000277f9d0 .functor MUXZ 1, o0000000002727d48, L_0000000002780470, L_00000000027806f0, C4<>;
S_000000000277bc30 .scope generate, "genblk1[6]" "genblk1[6]" 5 46, 5 46 0, S_0000000000f877b0;
 .timescale 0 0;
P_00000000027241b0 .param/l "j" 0 5 46, +C4<0110>;
v000000000277a990_0 .net *"_s0", 0 0, L_00000000027800b0;  1 drivers
v0000000002779d10_0 .net *"_s1", 0 0, L_000000000277fa70;  1 drivers
o0000000002727e08 .functor BUFZ 1, C4<z>; HiZ drive
; Elide local net with no drivers, v000000000277acb0_0 name=_s2
v000000000277af30_0 .net *"_s4", 0 0, L_0000000002780a10;  1 drivers
L_0000000002780a10 .functor MUXZ 1, o0000000002727e08, L_000000000277fa70, L_00000000027800b0, C4<>;
S_000000000277bdb0 .scope generate, "genblk1[7]" "genblk1[7]" 5 46, 5 46 0, S_0000000000f877b0;
 .timescale 0 0;
P_0000000002723cf0 .param/l "j" 0 5 46, +C4<0111>;
v0000000002779c70_0 .net *"_s0", 0 0, L_0000000002780c90;  1 drivers
v000000000277ad50_0 .net *"_s1", 0 0, L_000000000277f390;  1 drivers
o0000000002727ec8 .functor BUFZ 1, C4<z>; HiZ drive
; Elide local net with no drivers, v000000000277a850_0 name=_s2
v000000000277ba70_0 .net *"_s4", 0 0, L_0000000002780790;  1 drivers
L_0000000002780790 .functor MUXZ 1, o0000000002727ec8, L_000000000277f390, L_0000000002780c90, C4<>;
S_000000000277c740 .scope generate, "genblk1[8]" "genblk1[8]" 5 46, 5 46 0, S_0000000000f877b0;
 .timescale 0 0;
P_0000000002724b30 .param/l "j" 0 5 46, +C4<01000>;
v000000000277adf0_0 .net *"_s0", 0 0, L_000000000277fe30;  1 drivers
v000000000277b750_0 .net *"_s1", 0 0, L_0000000002780290;  1 drivers
o0000000002727f88 .functor BUFZ 1, C4<z>; HiZ drive
; Elide local net with no drivers, v000000000277aad0_0 name=_s2
v000000000277b1b0_0 .net *"_s4", 0 0, L_000000000277fed0;  1 drivers
L_000000000277fed0 .functor MUXZ 1, o0000000002727f88, L_0000000002780290, L_000000000277fe30, C4<>;
S_000000000277c8c0 .scope generate, "genblk1[9]" "genblk1[9]" 5 46, 5 46 0, S_0000000000f877b0;
 .timescale 0 0;
P_0000000002724670 .param/l "j" 0 5 46, +C4<01001>;
v000000000277b570_0 .net *"_s0", 0 0, L_00000000027801f0;  1 drivers
v000000000277a170_0 .net *"_s1", 0 0, L_000000000277fb10;  1 drivers
o0000000002728048 .functor BUFZ 1, C4<z>; HiZ drive
; Elide local net with no drivers, v0000000002779db0_0 name=_s2
v0000000002779e50_0 .net *"_s4", 0 0, L_000000000277fbb0;  1 drivers
L_000000000277fbb0 .functor MUXZ 1, o0000000002728048, L_000000000277fb10, L_00000000027801f0, C4<>;
S_000000000277ca40 .scope generate, "genblk1[10]" "genblk1[10]" 5 46, 5 46 0, S_0000000000f877b0;
 .timescale 0 0;
P_00000000027242f0 .param/l "j" 0 5 46, +C4<01010>;
v000000000277ae90_0 .net *"_s0", 0 0, L_0000000002780330;  1 drivers
v000000000277b610_0 .net *"_s1", 0 0, L_00000000027803d0;  1 drivers
o0000000002728108 .functor BUFZ 1, C4<z>; HiZ drive
; Elide local net with no drivers, v000000000277a350_0 name=_s2
v000000000277afd0_0 .net *"_s4", 0 0, L_0000000002780510;  1 drivers
L_0000000002780510 .functor MUXZ 1, o0000000002728108, L_00000000027803d0, L_0000000002780330, C4<>;
S_000000000277cbc0 .scope generate, "genblk1[11]" "genblk1[11]" 5 46, 5 46 0, S_0000000000f877b0;
 .timescale 0 0;
P_00000000027243f0 .param/l "j" 0 5 46, +C4<01011>;
v000000000277a0d0_0 .net *"_s0", 0 0, L_00000000027805b0;  1 drivers
v000000000277a8f0_0 .net *"_s1", 0 0, L_0000000002780650;  1 drivers
o00000000027281c8 .functor BUFZ 1, C4<z>; HiZ drive
; Elide local net with no drivers, v000000000277ac10_0 name=_s2
v000000000277a3f0_0 .net *"_s4", 0 0, L_00000000027828b0;  1 drivers
L_00000000027828b0 .functor MUXZ 1, o00000000027281c8, L_0000000002780650, L_00000000027805b0, C4<>;
S_000000000277cd40 .scope generate, "genblk1[12]" "genblk1[12]" 5 46, 5 46 0, S_0000000000f877b0;
 .timescale 0 0;
P_00000000027249f0 .param/l "j" 0 5 46, +C4<01100>;
v000000000277a2b0_0 .net *"_s0", 0 0, L_0000000002781af0;  1 drivers
v000000000277b070_0 .net *"_s1", 0 0, L_0000000002781e10;  1 drivers
o0000000002728288 .functor BUFZ 1, C4<z>; HiZ drive
; Elide local net with no drivers, v000000000277b890_0 name=_s2
v000000000277ab70_0 .net *"_s4", 0 0, L_0000000002782d10;  1 drivers
L_0000000002782d10 .functor MUXZ 1, o0000000002728288, L_0000000002781e10, L_0000000002781af0, C4<>;
S_000000000277d510 .scope generate, "genblk1[13]" "genblk1[13]" 5 46, 5 46 0, S_0000000000f877b0;
 .timescale 0 0;
P_0000000002724a30 .param/l "j" 0 5 46, +C4<01101>;
v000000000277a490_0 .net *"_s0", 0 0, L_0000000002781050;  1 drivers
v000000000277b110_0 .net *"_s1", 0 0, L_0000000002781370;  1 drivers
o0000000002728348 .functor BUFZ 1, C4<z>; HiZ drive
; Elide local net with no drivers, v0000000002779ef0_0 name=_s2
v000000000277b930_0 .net *"_s4", 0 0, L_0000000002782ef0;  1 drivers
L_0000000002782ef0 .functor MUXZ 1, o0000000002728348, L_0000000002781370, L_0000000002781050, C4<>;
S_000000000277d690 .scope generate, "genblk1[14]" "genblk1[14]" 5 46, 5 46 0, S_0000000000f877b0;
 .timescale 0 0;
P_0000000002724430 .param/l "j" 0 5 46, +C4<01110>;
v000000000277b390_0 .net *"_s0", 0 0, L_0000000002782e50;  1 drivers
v000000000277b6b0_0 .net *"_s1", 0 0, L_0000000002782090;  1 drivers
o0000000002728408 .functor BUFZ 1, C4<z>; HiZ drive
; Elide local net with no drivers, v000000000277a5d0_0 name=_s2
v0000000002779f90_0 .net *"_s4", 0 0, L_0000000002782270;  1 drivers
L_0000000002782270 .functor MUXZ 1, o0000000002728408, L_0000000002782090, L_0000000002782e50, C4<>;
S_000000000277d810 .scope generate, "genblk1[15]" "genblk1[15]" 5 46, 5 46 0, S_0000000000f877b0;
 .timescale 0 0;
P_00000000027244f0 .param/l "j" 0 5 46, +C4<01111>;
v000000000277a530_0 .net *"_s0", 0 0, L_0000000002782a90;  1 drivers
v000000000277a030_0 .net *"_s1", 0 0, L_0000000002782b30;  1 drivers
o00000000027284c8 .functor BUFZ 1, C4<z>; HiZ drive
; Elide local net with no drivers, v000000000277b9d0_0 name=_s2
v000000000277a670_0 .net *"_s4", 0 0, L_0000000002781cd0;  1 drivers
L_0000000002781cd0 .functor MUXZ 1, o00000000027284c8, L_0000000002782b30, L_0000000002782a90, C4<>;
    .scope S_0000000000f877b0;
T_0 ;
    %wait E_0000000002723c70;
    %load/vec4 v000000000277b430_0;
    %dup/vec4;
    %pushi/vec4 1, 0, 4;
    %cmp/u;
    %jmp/1 T_0.0, 6;
    %dup/vec4;
    %pushi/vec4 2, 0, 4;
    %cmp/u;
    %jmp/1 T_0.1, 6;
    %dup/vec4;
    %pushi/vec4 4, 0, 4;
    %cmp/u;
    %jmp/1 T_0.2, 6;
    %jmp T_0.3;
T_0.0 ;
    %load/vec4 v000000000277aa30_0;
    %assign/vec4 v0000000002780150_0, 0;
    %pushi/vec4 0, 0, 16;
    %assign/vec4 v000000000277b2f0_0, 0;
    %pushi/vec4 1, 0, 16;
    %assign/vec4 v000000000277bb10_0, 0;
    %jmp T_0.3;
T_0.1 ;
    %load/vec4 v000000000277b2f0_0;
    %load/vec4 v000000000277bb10_0;
    %add;
    %assign/vec4 v000000000277b2f0_0, 0;
    %jmp T_0.3;
T_0.2 ;
    %load/vec4 v000000000277bb10_0;
    %addi 1, 0, 16;
    %assign/vec4 v000000000277bb10_0, 0;
    %jmp T_0.3;
T_0.3 ;
    %pop/vec4 1;
    %jmp T_0;
    .thread T_0;
    .scope S_0000000000f877b0;
T_1 ;
    %wait E_00000000027244b0;
    %load/vec4 v000000000277b430_0;
    %parti/s 1, 3, 3;
    %store/vec4 v000000000277b4d0_0, 0, 1;
    %load/vec4 v000000000277bb10_0;
    %load/vec4 v0000000002780150_0;
    %cmp/u;
    %flag_or 5, 4;
    %jmp/0xz  T_1.0, 5;
    %pushi/vec4 1, 0, 1;
    %store/vec4 v0000000002780970_0, 0, 1;
    %jmp T_1.1;
T_1.0 ;
    %pushi/vec4 0, 0, 1;
    %store/vec4 v0000000002780970_0, 0, 1;
T_1.1 ;
    %jmp T_1;
    .thread T_1, $push;
    .scope S_0000000000f87520;
T_2 ;
    %wait E_00000000027242b0;
    %load/vec4 v00000000027180c0_0;
    %flag_set/vec4 8;
    %jmp/0xz  T_2.0, 8;
    %pushi/vec4 1, 0, 4;
    %assign/vec4 v0000000002718160_0, 0;
    %jmp T_2.1;
T_2.0 ;
    %load/vec4 v0000000002717120_0;
    %assign/vec4 v0000000002718160_0, 0;
T_2.1 ;
    %jmp T_2;
    .thread T_2;
    .scope S_00000000026f5e60;
T_3 ;
    %delay 10, 0;
    %load/vec4 v000000000277f430_0;
    %inv;
    %store/vec4 v000000000277f430_0, 0, 1;
    %jmp T_3;
    .thread T_3;
    .scope S_00000000026f5e60;
T_4 ;
    %vpi_call 2 28 "$dumpfile", "gauss.vcd" {0 0 0};
    %vpi_call 2 29 "$dumpvars", 32'sb00000000000000000000000000000000, S_00000000026f5e60 {0 0 0};
    %pushi/vec4 0, 0, 1;
    %store/vec4 v000000000277f430_0, 0, 1;
    %pushi/vec4 10, 0, 16;
    %store/vec4 v000000000277fc50_0, 0, 16;
    %pushi/vec4 0, 0, 1;
    %store/vec4 v000000000277f6b0_0, 0, 1;
    %delay 5, 0;
    %pushi/vec4 1, 0, 1;
    %store/vec4 v000000000277f6b0_0, 0, 1;
    %delay 15, 0;
    %pushi/vec4 0, 0, 1;
    %store/vec4 v000000000277f6b0_0, 0, 1;
    %delay 440, 0;
    %pushi/vec4 5, 0, 16;
    %store/vec4 v000000000277fc50_0, 0, 16;
    %delay 240, 0;
    %vpi_call 2 41 "$finish" {0 0 0};
    %end;
    .thread T_4;
# The file index is used to find the file name in the following table.
:file_names 6;
    "N/A";
    "<interactive>";
    ".\Testbench.v";
    "./Processor.v";
    "./ControlUnit.v";
    "./Datapath.v";
